# JRE version: Java(TM) SE Runtime Environment (7.0_76-b13) (build 1.7.0_76-b13)
# Java VM: Java HotSpot(TM) 64-Bit Server VM (24.76-b04 mixed mode windows-amd64 compressed oops)
Heap
 PSYoungGen      total 50688K, used 15644K [0x00000007d5e80000, 0x00000007da200000, 0x0000000800000000)
  eden space 49664K, 29% used [0x00000007d5e80000,0x00000007d6ce8590,0x00000007d8f00000)
  from space 1024K, 87% used [0x00000007da100000,0x00000007da1debc0,0x00000007da200000)
  to   space 7168K, 0% used [0x00000007d9400000,0x00000007d9400000,0x00000007d9b00000)
 ParOldGen       total 83456K, used 63603K [0x0000000781c00000, 0x0000000786d80000, 0x00000007d5e80000)
  object space 83456K, 76% used [0x0000000781c00000,0x0000000785a1cfe0,0x0000000786d80000)
 PSPermGen       total 83968K, used 58026K [0x000000077ca00000, 0x0000000781c00000, 0x0000000781c00000)
  object space 83968K, 69% used [0x000000077ca00000,0x00000007802aa870,0x0000000781c00000)
GC Heap History (10 events):
Event: 16050.224 GC heap before
{Heap before GC invocations=146 (full 2):
 PSYoungGen      total 43008K, used 42653K [0x00000007d5e80000, 0x00000007d9300000, 0x0000000800000000)
  eden space 37376K, 100% used [0x00000007d5e80000,0x00000007d8300000,0x00000007d8300000)
  from space 5632K, 93% used [0x00000007d8800000,0x00000007d8d27668,0x00000007d8d80000)
  to   space 5632K, 0% used [0x00000007d8d80000,0x00000007d8d80000,0x00000007d9300000)
 ParOldGen       total 83456K, used 48763K [0x0000000781c00000, 0x0000000786d80000, 0x00000007d5e80000)
  object space 83456K, 58% used [0x0000000781c00000,0x0000000784b9eee8,0x0000000786d80000)
 PSPermGen       total 83968K, used 55927K [0x000000077ca00000, 0x0000000781c00000, 0x0000000781c00000)
  object space 83968K, 66% used [0x000000077ca00000,0x000000078009dce8,0x0000000781c00000)
Event: 16050.239 GC heap after
Heap after GC invocations=146 (full 2):
 PSYoungGen      total 47616K, used 1894K [0x00000007d5e80000, 0x00000007d9680000, 0x0000000800000000)
  eden space 41984K, 0% used [0x00000007d5e80000,0x00000007d5e80000,0x00000007d8780000)
  from space 5632K, 33% used [0x00000007d8d80000,0x00000007d8f59868,0x00000007d9300000)
  to   space 6144K, 0% used [0x00000007d8780000,0x00000007d8780000,0x00000007d8d80000)
 ParOldGen       total 83456K, used 53249K [0x0000000781c00000, 0x0000000786d80000, 0x00000007d5e80000)
  object space 83456K, 63% used [0x0000000781c00000,0x00000007850007c0,0x0000000786d80000)
 PSPermGen       total 83968K, used 55927K [0x000000077ca00000, 0x0000000781c00000, 0x0000000781c00000)
  object space 83968K, 66% used [0x000000077ca00000,0x000000078009dce8,0x0000000781c00000)
}
Event: 16051.394 GC heap before
{Heap before GC invocations=147 (full 2):
 PSYoungGen      total 47616K, used 43878K [0x00000007d5e80000, 0x00000007d9680000, 0x0000000800000000)
  eden space 41984K, 100% used [0x00000007d5e80000,0x00000007d8780000,0x00000007d8780000)
  from space 5632K, 33% used [0x00000007d8d80000,0x00000007d8f59868,0x00000007d9300000)
  to   space 6144K, 0% used [0x00000007d8780000,0x00000007d8780000,0x00000007d8d80000)
 ParOldGen       total 83456K, used 53249K [0x0000000781c00000, 0x0000000786d80000, 0x00000007d5e80000)
  object space 83456K, 63% used [0x0000000781c00000,0x00000007850007c0,0x0000000786d80000)
 PSPermGen       total 83968K, used 57542K [0x000000077ca00000, 0x0000000781c00000, 0x0000000781c00000)
  object space 83968K, 68% used [0x000000077ca00000,0x0000000780231af0,0x0000000781c00000)
Event: 16051.429 GC heap after
Heap after GC invocations=147 (full 2):
 PSYoungGen      total 48128K, used 6144K [0x00000007d5e80000, 0x00000007da000000, 0x0000000800000000)
  eden space 41984K, 0% used [0x00000007d5e80000,0x00000007d5e80000,0x00000007d8780000)
  from space 6144K, 100% used [0x00000007d8780000,0x00000007d8d80000,0x00000007d8d80000)
  to   space 8192K, 0% used [0x00000007d9800000,0x00000007d9800000,0x00000007da000000)
 ParOldGen       total 83456K, used 55357K [0x0000000781c00000, 0x0000000786d80000, 0x00000007d5e80000)
  object space 83456K, 66% used [0x0000000781c00000,0x000000078520f7f0,0x0000000786d80000)
 PSPermGen       total 83968K, used 57542K [0x000000077ca00000, 0x0000000781c00000, 0x0000000781c00000)
  object space 83968K, 68% used [0x000000077ca00000,0x0000000780231af0,0x0000000781c00000)
}
Event: 16181.774 GC heap before
{Heap before GC invocations=148 (full 2):
 PSYoungGen      total 48128K, used 48128K [0x00000007d5e80000, 0x00000007da000000, 0x0000000800000000)
  eden space 41984K, 100% used [0x00000007d5e80000,0x00000007d8780000,0x00000007d8780000)
  from space 6144K, 100% used [0x00000007d8780000,0x00000007d8d80000,0x00000007d8d80000)
  to   space 8192K, 0% used [0x00000007d9800000,0x00000007d9800000,0x00000007da000000)
 ParOldGen       total 83456K, used 55357K [0x0000000781c00000, 0x0000000786d80000, 0x00000007d5e80000)
  object space 83456K, 66% used [0x0000000781c00000,0x000000078520f7f0,0x0000000786d80000)
 PSPermGen       total 83968K, used 57697K [0x000000077ca00000, 0x0000000781c00000, 0x0000000781c00000)
  object space 83968K, 68% used [0x000000077ca00000,0x00000007802586b0,0x0000000781c00000)
Event: 16181.804 GC heap after
Heap after GC invocations=148 (full 2):
 PSYoungGen      total 57856K, used 2477K [0x00000007d5e80000, 0x00000007d9f00000, 0x0000000800000000)
  eden space 50688K, 0% used [0x00000007d5e80000,0x00000007d5e80000,0x00000007d9000000)
  from space 7168K, 34% used [0x00000007d9800000,0x00000007d9a6b5d8,0x00000007d9f00000)
  to   space 7680K, 0% used [0x00000007d9000000,0x00000007d9000000,0x00000007d9780000)
 ParOldGen       total 83456K, used 61578K [0x0000000781c00000, 0x0000000786d80000, 0x00000007d5e80000)
  object space 83456K, 73% used [0x0000000781c00000,0x0000000785822910,0x0000000786d80000)
 PSPermGen       total 83968K, used 57697K [0x000000077ca00000, 0x0000000781c00000, 0x0000000781c00000)
  object space 83968K, 68% used [0x000000077ca00000,0x00000007802586b0,0x0000000781c00000)
}
Event: 16182.927 GC heap before
{Heap before GC invocations=149 (full 2):
 PSYoungGen      total 57856K, used 53165K [0x00000007d5e80000, 0x00000007d9f00000, 0x0000000800000000)
  eden space 50688K, 100% used [0x00000007d5e80000,0x00000007d9000000,0x00000007d9000000)
  from space 7168K, 34% used [0x00000007d9800000,0x00000007d9a6b5d8,0x00000007d9f00000)
  to   space 7680K, 0% used [0x00000007d9000000,0x00000007d9000000,0x00000007d9780000)
 ParOldGen       total 83456K, used 61578K [0x0000000781c00000, 0x0000000786d80000, 0x00000007d5e80000)
  object space 83456K, 73% used [0x0000000781c00000,0x0000000785822910,0x0000000786d80000)
 PSPermGen       total 83968K, used 57698K [0x000000077ca00000, 0x0000000781c00000, 0x0000000781c00000)
  object space 83968K, 68% used [0x000000077ca00000,0x0000000780258870,0x0000000781c00000)
Event: 16182.936 GC heap after
Heap after GC invocations=149 (full 2):
 PSYoungGen      total 58368K, used 1917K [0x00000007d5e80000, 0x00000007da800000, 0x0000000800000000)
  eden space 50688K, 0% used [0x00000007d5e80000,0x00000007d5e80000,0x00000007d9000000)
  from space 7680K, 24% used [0x00000007d9000000,0x00000007d91df7d8,0x00000007d9780000)
  to   space 7168K, 0% used [0x00000007da100000,0x00000007da100000,0x00000007da800000)
 ParOldGen       total 83456K, used 63595K [0x0000000781c00000, 0x0000000786d80000, 0x00000007d5e80000)
  object space 83456K, 76% used [0x0000000781c00000,0x0000000785a1afe0,0x0000000786d80000)
 PSPermGen       total 83968K, used 57698K [0x000000077ca00000, 0x0000000781c00000, 0x0000000781c00000)
  object space 83968K, 68% used [0x000000077ca00000,0x0000000780258870,0x0000000781c00000)
}
Event: 16185.430 GC heap before
{Heap before GC invocations=150 (full 2):
 PSYoungGen      total 58368K, used 52605K [0x00000007d5e80000, 0x00000007da800000, 0x0000000800000000)
  eden space 50688K, 100% used [0x00000007d5e80000,0x00000007d9000000,0x00000007d9000000)
  from space 7680K, 24% used [0x00000007d9000000,0x00000007d91df7d8,0x00000007d9780000)
  to   space 7168K, 0% used [0x00000007da100000,0x00000007da100000,0x00000007da800000)
 ParOldGen       total 83456K, used 63595K [0x0000000781c00000, 0x0000000786d80000, 0x00000007d5e80000)
  object space 83456K, 76% used [0x0000000781c00000,0x0000000785a1afe0,0x0000000786d80000)
 PSPermGen       total 83968K, used 57983K [0x000000077ca00000, 0x0000000781c00000, 0x0000000781c00000)
  object space 83968K, 69% used [0x000000077ca00000,0x000000078029fc08,0x0000000781c00000)
Event: 16185.435 GC heap after
Heap after GC invocations=150 (full 2):
 PSYoungGen      total 50688K, used 890K [0x00000007d5e80000, 0x00000007da200000, 0x0000000800000000)
  eden space 49664K, 0% used [0x00000007d5e80000,0x00000007d5e80000,0x00000007d8f00000)
  from space 1024K, 87% used [0x00000007da100000,0x00000007da1debc0,0x00000007da200000)
  to   space 7168K, 0% used [0x00000007d9400000,0x00000007d9400000,0x00000007d9b00000)
 ParOldGen       total 83456K, used 63603K [0x0000000781c00000, 0x0000000786d80000, 0x00000007d5e80000)
  object space 83456K, 76% used [0x0000000781c00000,0x0000000785a1cfe0,0x0000000786d80000)
 PSPermGen       total 83968K, used 57983K [0x000000077ca00000, 0x0000000781c00000, 0x0000000781c00000)
  object space 83968K, 69% used [0x000000077ca00000,0x000000078029fc08,0x0000000781c00000)
}

