# JRE version: Java(TM) SE Runtime Environment (7.0_76-b13) (build 1.7.0_76-b13)
# Java VM: Java HotSpot(TM) 64-Bit Server VM (24.76-b04 mixed mode windows-amd64 compressed oops)
Heap
 PSYoungGen      total 60416K, used 24878K [0x00000007d5e80000, 0x00000007db600000, 0x0000000800000000)
  eden space 58880K, 40% used [0x00000007d5e80000,0x00000007d75b3a88,0x00000007d9800000)
  from space 1536K, 72% used [0x00000007d9980000,0x00000007d9a97db0,0x00000007d9b00000)
  to   space 15360K, 0% used [0x00000007da700000,0x00000007da700000,0x00000007db600000)
 ParOldGen       total 86016K, used 70434K [0x0000000781c00000, 0x0000000787000000, 0x00000007d5e80000)
  object space 86016K, 81% used [0x0000000781c00000,0x00000007860c8a98,0x0000000787000000)
 PSPermGen       total 50688K, used 50259K [0x000000077ca00000, 0x000000077fb80000, 0x0000000781c00000)
  object space 50688K, 99% used [0x000000077ca00000,0x000000077fb14f30,0x000000077fb80000)
GC Heap History (10 events):
Event: 1183.202 GC heap before
{Heap before GC invocations=21 (full 0):
 PSYoungGen      total 83968K, used 70682K [0x00000007d5e80000, 0x00000007dc400000, 0x0000000800000000)
  eden space 68096K, 100% used [0x00000007d5e80000,0x00000007da100000,0x00000007da100000)
  from space 15872K, 16% used [0x00000007db480000,0x00000007db7069d8,0x00000007dc400000)
  to   space 17920K, 0% used [0x00000007da100000,0x00000007da100000,0x00000007db280000)
 ParOldGen       total 86016K, used 69152K [0x0000000781c00000, 0x0000000787000000, 0x00000007d5e80000)
  object space 86016K, 80% used [0x0000000781c00000,0x0000000785f881a0,0x0000000787000000)
 PSPermGen       total 50176K, used 49740K [0x000000077ca00000, 0x000000077fb00000, 0x0000000781c00000)
  object space 50176K, 99% used [0x000000077ca00000,0x000000077fa93178,0x000000077fb00000)
Event: 1183.208 GC heap after
Heap after GC invocations=21 (full 0):
 PSYoungGen      total 68096K, used 1627K [0x00000007d5e80000, 0x00000007dc100000, 0x0000000800000000)
  eden space 66048K, 0% used [0x00000007d5e80000,0x00000007d5e80000,0x00000007d9f00000)
  from space 2048K, 79% used [0x00000007da100000,0x00000007da296e20,0x00000007da300000)
  to   space 17408K, 0% used [0x00000007db000000,0x00000007db000000,0x00000007dc100000)
 ParOldGen       total 86016K, used 69348K [0x0000000781c00000, 0x0000000787000000, 0x00000007d5e80000)
  object space 86016K, 80% used [0x0000000781c00000,0x0000000785fb91b0,0x0000000787000000)
 PSPermGen       total 50176K, used 49740K [0x000000077ca00000, 0x000000077fb00000, 0x0000000781c00000)
  object space 50176K, 99% used [0x000000077ca00000,0x000000077fa93178,0x000000077fb00000)
}
Event: 1184.213 GC heap before
{Heap before GC invocations=22 (full 0):
 PSYoungGen      total 68096K, used 67675K [0x00000007d5e80000, 0x00000007dc100000, 0x0000000800000000)
  eden space 66048K, 100% used [0x00000007d5e80000,0x00000007d9f00000,0x00000007d9f00000)
  from space 2048K, 79% used [0x00000007da100000,0x00000007da296e20,0x00000007da300000)
  to   space 17408K, 0% used [0x00000007db000000,0x00000007db000000,0x00000007dc100000)
 ParOldGen       total 86016K, used 69348K [0x0000000781c00000, 0x0000000787000000, 0x00000007d5e80000)
  object space 86016K, 80% used [0x0000000781c00000,0x0000000785fb91b0,0x0000000787000000)
 PSPermGen       total 50176K, used 49746K [0x000000077ca00000, 0x000000077fb00000, 0x0000000781c00000)
  object space 50176K, 99% used [0x000000077ca00000,0x000000077fa94a48,0x000000077fb00000)
Event: 1184.220 GC heap after
Heap after GC invocations=22 (full 0):
 PSYoungGen      total 78336K, used 2553K [0x00000007d5e80000, 0x00000007dbe00000, 0x0000000800000000)
  eden space 64000K, 0% used [0x00000007d5e80000,0x00000007d5e80000,0x00000007d9d00000)
  from space 14336K, 17% used [0x00000007db000000,0x00000007db27e470,0x00000007dbe00000)
  to   space 16896K, 0% used [0x00000007d9d00000,0x00000007d9d00000,0x00000007dad80000)
 ParOldGen       total 86016K, used 69746K [0x0000000781c00000, 0x0000000787000000, 0x00000007d5e80000)
  object space 86016K, 81% used [0x0000000781c00000,0x000000078601c9d8,0x0000000787000000)
 PSPermGen       total 50176K, used 49746K [0x000000077ca00000, 0x000000077fb00000, 0x0000000781c00000)
  object space 50176K, 99% used [0x000000077ca00000,0x000000077fa94a48,0x000000077fb00000)
}
Event: 1319.437 GC heap before
{Heap before GC invocations=23 (full 0):
 PSYoungGen      total 78336K, used 66553K [0x00000007d5e80000, 0x00000007dbe00000, 0x0000000800000000)
  eden space 64000K, 100% used [0x00000007d5e80000,0x00000007d9d00000,0x00000007d9d00000)
  from space 14336K, 17% used [0x00000007db000000,0x00000007db27e470,0x00000007dbe00000)
  to   space 16896K, 0% used [0x00000007d9d00000,0x00000007d9d00000,0x00000007dad80000)
 ParOldGen       total 86016K, used 69746K [0x0000000781c00000, 0x0000000787000000, 0x00000007d5e80000)
  object space 86016K, 81% used [0x0000000781c00000,0x000000078601c9d8,0x0000000787000000)
 PSPermGen       total 50176K, used 49973K [0x000000077ca00000, 0x000000077fb00000, 0x0000000781c00000)
  object space 50176K, 99% used [0x000000077ca00000,0x000000077facd488,0x000000077fb00000)
Event: 1319.441 GC heap after
Heap after GC invocations=23 (full 0):
 PSYoungGen      total 63488K, used 1157K [0x00000007d5e80000, 0x00000007dbb00000, 0x0000000800000000)
  eden space 61952K, 0% used [0x00000007d5e80000,0x00000007d5e80000,0x00000007d9b00000)
  from space 1536K, 75% used [0x00000007d9d00000,0x00000007d9e217d0,0x00000007d9e80000)
  to   space 16384K, 0% used [0x00000007dab00000,0x00000007dab00000,0x00000007dbb00000)
 ParOldGen       total 86016K, used 69934K [0x0000000781c00000, 0x0000000787000000, 0x00000007d5e80000)
  object space 86016K, 81% used [0x0000000781c00000,0x000000078604b9e8,0x0000000787000000)
 PSPermGen       total 50176K, used 49973K [0x000000077ca00000, 0x000000077fb00000, 0x0000000781c00000)
  object space 50176K, 99% used [0x000000077ca00000,0x000000077facd488,0x000000077fb00000)
}
Event: 1320.309 GC heap before
{Heap before GC invocations=24 (full 0):
 PSYoungGen      total 63488K, used 63109K [0x00000007d5e80000, 0x00000007dbb00000, 0x0000000800000000)
  eden space 61952K, 100% used [0x00000007d5e80000,0x00000007d9b00000,0x00000007d9b00000)
  from space 1536K, 75% used [0x00000007d9d00000,0x00000007d9e217d0,0x00000007d9e80000)
  to   space 16384K, 0% used [0x00000007dab00000,0x00000007dab00000,0x00000007dbb00000)
 ParOldGen       total 86016K, used 69934K [0x0000000781c00000, 0x0000000787000000, 0x00000007d5e80000)
  object space 86016K, 81% used [0x0000000781c00000,0x000000078604b9e8,0x0000000787000000)
 PSPermGen       total 50176K, used 49983K [0x000000077ca00000, 0x000000077fb00000, 0x0000000781c00000)
  object space 50176K, 99% used [0x000000077ca00000,0x000000077facffa0,0x000000077fb00000)
Event: 1320.315 GC heap after
Heap after GC invocations=24 (full 0):
 PSYoungGen      total 74240K, used 2477K [0x00000007d5e80000, 0x00000007db880000, 0x0000000800000000)
  eden space 60416K, 0% used [0x00000007d5e80000,0x00000007d5e80000,0x00000007d9980000)
  from space 13824K, 17% used [0x00000007dab00000,0x00000007dad6b770,0x00000007db880000)
  to   space 15872K, 0% used [0x00000007d9980000,0x00000007d9980000,0x00000007da900000)
 ParOldGen       total 86016K, used 70220K [0x0000000781c00000, 0x0000000787000000, 0x00000007d5e80000)
  object space 86016K, 81% used [0x0000000781c00000,0x00000007860931a0,0x0000000787000000)
 PSPermGen       total 50176K, used 49983K [0x000000077ca00000, 0x000000077fb00000, 0x0000000781c00000)
  object space 50176K, 99% used [0x000000077ca00000,0x000000077facffa0,0x000000077fb00000)
}
Event: 1324.725 GC heap before
{Heap before GC invocations=25 (full 0):
 PSYoungGen      total 74240K, used 62893K [0x00000007d5e80000, 0x00000007db880000, 0x0000000800000000)
  eden space 60416K, 100% used [0x00000007d5e80000,0x00000007d9980000,0x00000007d9980000)
  from space 13824K, 17% used [0x00000007dab00000,0x00000007dad6b770,0x00000007db880000)
  to   space 15872K, 0% used [0x00000007d9980000,0x00000007d9980000,0x00000007da900000)
 ParOldGen       total 86016K, used 70220K [0x0000000781c00000, 0x0000000787000000, 0x00000007d5e80000)
  object space 86016K, 81% used [0x0000000781c00000,0x00000007860931a0,0x0000000787000000)
 PSPermGen       total 50688K, used 50249K [0x000000077ca00000, 0x000000077fb80000, 0x0000000781c00000)
  object space 50688K, 99% used [0x000000077ca00000,0x000000077fb12790,0x000000077fb80000)
Event: 1324.735 GC heap after
Heap after GC invocations=25 (full 0):
 PSYoungGen      total 60416K, used 1119K [0x00000007d5e80000, 0x00000007db600000, 0x0000000800000000)
  eden space 58880K, 0% used [0x00000007d5e80000,0x00000007d5e80000,0x00000007d9800000)
  from space 1536K, 72% used [0x00000007d9980000,0x00000007d9a97db0,0x00000007d9b00000)
  to   space 15360K, 0% used [0x00000007da700000,0x00000007da700000,0x00000007db600000)
 ParOldGen       total 86016K, used 70434K [0x0000000781c00000, 0x0000000787000000, 0x00000007d5e80000)
  object space 86016K, 81% used [0x0000000781c00000,0x00000007860c8a98,0x0000000787000000)
 PSPermGen       total 50688K, used 50249K [0x000000077ca00000, 0x000000077fb80000, 0x0000000781c00000)
  object space 50688K, 99% used [0x000000077ca00000,0x000000077fb12790,0x000000077fb80000)
}

